0 info it worked if it ends with ok
1 verbose cli [ 'C:\\Program Files\\nodejs\\node.exe',
1 verbose cli   'C:\\Users\\ADMIN\\AppData\\Roaming\\npm\\node_modules\\npm\\bin\\npm-cli.js',
1 verbose cli   'run',
1 verbose cli   'build' ]
2 info using npm@3.5.2
3 info using node@v4.2.1
4 verbose run-script [ 'prebuild', 'build', 'postbuild' ]
5 info lifecycle unu-client@1.0.0~prebuild: unu-client@1.0.0
6 silly lifecycle unu-client@1.0.0~prebuild: no script for prebuild, continuing
7 info lifecycle unu-client@1.0.0~build: unu-client@1.0.0
8 verbose lifecycle unu-client@1.0.0~build: unsafe-perm in lifecycle true
9 verbose lifecycle unu-client@1.0.0~build: PATH: C:\Users\ADMIN\AppData\Roaming\npm\node_modules\npm\bin\node-gyp-bin;D:\nodeprojects\unu_app\unu-server\client\node_modules\.bin;C:\Users\ADMIN\AppData\Roaming\npm\node_modules\npm\bin\node-gyp-bin;D:\nodeprojects\unu_app\unu-server\node_modules\.bin;C:\ProgramData\Oracle\Java\javapath;C:\WINDOWS\system32;C:\WINDOWS;C:\WINDOWS\System32\Wbem;C:\WINDOWS\System32\WindowsPowerShell\v1.0\;C:\Program Files\Java\jdk1.8.0_05\bin;D:\xampp\php;C:\ProgramData\ComposerSetup\bin;C:\Program Files (x86)\Brackets\command;C:\Program Files\nodejs\;C:\Program Files (x86)\NVIDIA Corporation\PhysX\Common;C:\Program Files (x86)\Skype\Phone\;C:\WINDOWS\system32\config\systemprofile\.dnx\bin;C:\Program Files\Microsoft DNX\Dnvm\;C:\Python34;C:\Program Files\Git\cmd;C:\WINDOWS\system32;C:\WINDOWS;C:\WINDOWS\System32\Wbem;C:\WINDOWS\System32\WindowsPowerShell\v1.0\;d:\Ruby22-x64\bin;C:\Users\ADMIN\AppData\Roaming\npm;C:\Users\ADMIN\AppData\Local\atom\bin;C:\Program Files (x86)\Microsoft VS Code\bin
10 verbose lifecycle unu-client@1.0.0~build: CWD: D:\nodeprojects\unu_app\unu-server\client
11 silly lifecycle unu-client@1.0.0~build: Args: [ '/d /s /c',
11 silly lifecycle   'npm install && ./node_modules/bower/bin/bower install && gulp build' ]
12 silly lifecycle unu-client@1.0.0~build: Returned: code: 1  signal: null
13 info lifecycle unu-client@1.0.0~build: Failed to exec build script
14 verbose stack Error: unu-client@1.0.0 build: `npm install && ./node_modules/bower/bin/bower install && gulp build`
14 verbose stack Exit status 1
14 verbose stack     at EventEmitter.<anonymous> (C:\Users\ADMIN\AppData\Roaming\npm\node_modules\npm\lib\utils\lifecycle.js:232:16)
14 verbose stack     at emitTwo (events.js:87:13)
14 verbose stack     at EventEmitter.emit (events.js:172:7)
14 verbose stack     at ChildProcess.<anonymous> (C:\Users\ADMIN\AppData\Roaming\npm\node_modules\npm\lib\utils\spawn.js:24:14)
14 verbose stack     at emitTwo (events.js:87:13)
14 verbose stack     at ChildProcess.emit (events.js:172:7)
14 verbose stack     at maybeClose (internal/child_process.js:818:16)
14 verbose stack     at Process.ChildProcess._handle.onexit (internal/child_process.js:211:5)
15 verbose pkgid unu-client@1.0.0
16 verbose cwd D:\nodeprojects\unu_app\unu-server\client
17 error Windows_NT 10.0.10586
18 error argv "C:\\Program Files\\nodejs\\node.exe" "C:\\Users\\ADMIN\\AppData\\Roaming\\npm\\node_modules\\npm\\bin\\npm-cli.js" "run" "build"
19 error node v4.2.1
20 error npm  v3.5.2
21 error code ELIFECYCLE
22 error unu-client@1.0.0 build: `npm install && ./node_modules/bower/bin/bower install && gulp build`
22 error Exit status 1
23 error Failed at the unu-client@1.0.0 build script 'npm install && ./node_modules/bower/bin/bower install && gulp build'.
23 error Make sure you have the latest version of node.js and npm installed.
23 error If you do, this is most likely a problem with the unu-client package,
23 error not with npm itself.
23 error Tell the author that this fails on your system:
23 error     npm install && ./node_modules/bower/bin/bower install && gulp build
23 error You can get information on how to open an issue for this project with:
23 error     npm bugs unu-client
23 error Or if that isn't available, you can get their info via:
23 error     npm owner ls unu-client
23 error There is likely additional logging output above.
24 verbose exit [ 1, true ]
