0 info it worked if it ends with ok
1 verbose cli [ 'C:\\Program Files\\nodejs\\node.exe',
1 verbose cli   'C:\\Program Files\\nodejs\\node_modules\\npm\\bin\\npm-cli.js',
1 verbose cli   'run',
1 verbose cli   'client' ]
2 info using npm@3.3.12
3 info using node@v5.1.1
4 verbose run-script [ 'preclient', 'client', 'postclient' ]
5 info lifecycle unu-web@1.0.0~preclient: unu-web@1.0.0
6 silly lifecycle unu-web@1.0.0~preclient: no script for preclient, continuing
7 info lifecycle unu-web@1.0.0~client: unu-web@1.0.0
8 verbose lifecycle unu-web@1.0.0~client: unsafe-perm in lifecycle true
9 verbose lifecycle unu-web@1.0.0~client: PATH: C:\Program Files\nodejs\node_modules\npm\bin\node-gyp-bin;D:\Sistemas\unu\node_modules\.bin;C:\Program Files\nodejs\node_modules\npm\bin\node-gyp-bin;D:\Sistemas\unu\node_modules\.bin;C:\Program Files (x86)\Intel\iCLS Client\;C:\Program Files\Intel\iCLS Client\;C:\WINDOWS\system32;C:\WINDOWS;C:\WINDOWS\System32\Wbem;C:\WINDOWS\System32\WindowsPowerShell\v1.0\;C:\Program Files (x86)\Intel\Intel(R) Management Engine Components\DAL;C:\Program Files\Intel\Intel(R) Management Engine Components\DAL;C:\Program Files (x86)\Intel\Intel(R) Management Engine Components\IPT;C:\Program Files\Intel\Intel(R) Management Engine Components\IPT;C:\Program Files\nodejs\;C:\Users\hencarpa\AppData\Roaming\npm;C:\Users\hencarpa\AppData\Local\Programs\Git\cmd;C:\Users\hencarpa\AppData\Local\atom\bin
10 verbose lifecycle unu-web@1.0.0~client: CWD: D:\Sistemas\unu
11 silly lifecycle unu-web@1.0.0~client: Args: [ '/d /s /c', 'cd client && gulp' ]
12 silly lifecycle unu-web@1.0.0~client: Returned: code: 1  signal: null
13 info lifecycle unu-web@1.0.0~client: Failed to exec client script
14 verbose stack Error: unu-web@1.0.0 client: `cd client && gulp`
14 verbose stack Exit status 1
14 verbose stack     at EventEmitter.<anonymous> (C:\Program Files\nodejs\node_modules\npm\lib\utils\lifecycle.js:232:16)
14 verbose stack     at emitTwo (events.js:87:13)
14 verbose stack     at EventEmitter.emit (events.js:172:7)
14 verbose stack     at ChildProcess.<anonymous> (C:\Program Files\nodejs\node_modules\npm\lib\utils\spawn.js:24:14)
14 verbose stack     at emitTwo (events.js:87:13)
14 verbose stack     at ChildProcess.emit (events.js:172:7)
14 verbose stack     at maybeClose (internal/child_process.js:818:16)
14 verbose stack     at Process.ChildProcess._handle.onexit (internal/child_process.js:211:5)
15 verbose pkgid unu-web@1.0.0
16 verbose cwd D:\Sistemas\unu
17 error Windows_NT 10.0.10240
18 error argv "C:\\Program Files\\nodejs\\node.exe" "C:\\Program Files\\nodejs\\node_modules\\npm\\bin\\npm-cli.js" "run" "client"
19 error node v5.1.1
20 error npm  v3.3.12
21 error code ELIFECYCLE
22 error unu-web@1.0.0 client: `cd client && gulp`
22 error Exit status 1
23 error Failed at the unu-web@1.0.0 client script 'cd client && gulp'.
23 error Make sure you have the latest version of node.js and npm installed.
23 error If you do, this is most likely a problem with the unu-web package,
23 error not with npm itself.
23 error Tell the author that this fails on your system:
23 error     cd client && gulp
23 error You can get their info via:
23 error     npm owner ls unu-web
23 error There is likely additional logging output above.
24 verbose exit [ 1, true ]
